<?xml version="1.0" encoding="UTF-8"?>
<!-- Generated by org.testng.reporters.JUnitReportReporter -->
<testsuite hostname="IN-GR482J3" failures="0" tests="1" name="Runner.TestRunnerTest" time="0.009" errors="0" timestamp="2023-09-08T11:12:41 IST" skipped="0">
  <testcase classname="Runner.TestRunnerTest" name="f" time="0.009"/>
</testsuite> <!-- Runner.TestRunnerTest -->
