<?xml version="1.0" encoding="UTF-8"?>
<!-- Generated by org.testng.reporters.JUnitReportReporter -->
<testsuite hostname="IN-GR482J3" failures="0" tests="1" name="org.msg.Demo" time="9.243" errors="0" timestamp="2023-09-05T19:18:22 IST" skipped="0">
  <testcase classname="org.msg.Demo" name="MainTest" time="9.243"/>
</testsuite> <!-- org.msg.Demo -->
